G:\CODE\PATTERNRECOGNISE\PATTERNRECOGNIZE\PATTERNRECOGNIZE\RELEASE\MAIN.OBJ
G:\CODE\PATTERNRECOGNISE\PATTERNRECOGNIZE\PATTERNRECOGNIZE\RELEASE\IMGPROCESS.OBJ
G:\CODE\PATTERNRECOGNISE\PATTERNRECOGNIZE\PATTERNRECOGNIZE\RELEASE\VC110.PDB
G:\CODE\PATTERNRECOGNISE\PATTERNRECOGNIZE\RELEASE\PATTERNRECOGNIZE.EXE
G:\CODE\PATTERNRECOGNISE\PATTERNRECOGNIZE\RELEASE\PATTERNRECOGNIZE.PDB
G:\code\PatternRecognise\PatternRecognize\PatternRecognize\Release\imgprocess.obj
G:\code\PatternRecognise\PatternRecognize\PatternRecognize\Release\main.obj
G:\code\PatternRecognise\PatternRecognize\PatternRecognize\Release\cl.command.1.tlog
G:\code\PatternRecognise\PatternRecognize\PatternRecognize\Release\CL.read.1.tlog
G:\code\PatternRecognise\PatternRecognize\PatternRecognize\Release\CL.write.1.tlog
G:\code\PatternRecognise\PatternRecognize\PatternRecognize\Release\link-cvtres.read.1.tlog
G:\code\PatternRecognise\PatternRecognize\PatternRecognize\Release\link-cvtres.write.1.tlog
G:\code\PatternRecognise\PatternRecognize\PatternRecognize\Release\link-rc.read.1.tlog
G:\code\PatternRecognise\PatternRecognize\PatternRecognize\Release\link-rc.write.1.tlog
G:\code\PatternRecognise\PatternRecognize\PatternRecognize\Release\link.command.1.tlog
G:\code\PatternRecognise\PatternRecognize\PatternRecognize\Release\link.read.1.tlog
G:\code\PatternRecognise\PatternRecognize\PatternRecognize\Release\link.read.2.tlog
G:\code\PatternRecognise\PatternRecognize\PatternRecognize\Release\link.read.3.tlog
G:\code\PatternRecognise\PatternRecognize\PatternRecognize\Release\link.read.4.tlog
G:\code\PatternRecognise\PatternRecognize\PatternRecognize\Release\link.read.5.tlog
G:\code\PatternRecognise\PatternRecognize\PatternRecognize\Release\link.write.1.tlog
G:\code\PatternRecognise\PatternRecognize\PatternRecognize\Release\vc110.pdb
G:\code\PatternRecognise\PatternRecognize\Release\PatternRecognize.pdb
G:\code\PatternRecognise\PatternRecognize\Release\PatternRecognize.exe
