生成启动时间为 2018/10/11 11:18:21。
     1>项目“D:\code\PatternRecognise\PatternRecognize\PatternRecognize\PatternRecognize.vcxproj”在节点 2 上(Build 个目标)。
     1>ClCompile:
         D:\Program Files (x86)\Microsoft Visual Studio 14.0\VC\bin\x86_amd64\CL.exe /c /ZI /nologo /W3 /WX- /Od /D WIN32 /D _DEBUG /D _CONSOLE /D _UNICODE /D UNICODE /Gm /EHsc /RTC1 /MDd /GS /fp:precise /Zc:wchar_t /Zc:forScope /Zc:inline /Fo"x64\Debug\\" /Fd"x64\Debug\vc140.pdb" /Gd /TP /errorReport:prompt main.cpp
         main.cpp
     1>d:\code\patternrecognise\patternrecognize\patternrecognize\track.h(3): warning C4067: 预处理器指令后有意外标记 - 应输入换行符
     1>d:\code\patternrecognise\patternrecognize\patternrecognize\main.cpp(100): warning C4244: “=”: 从“int64”转换到“double”，可能丢失数据
     1>d:\code\patternrecognise\patternrecognize\patternrecognize\main.cpp(351): warning C4996: 'sprintf': This function or variable may be unsafe. Consider using sprintf_s instead. To disable deprecation, use _CRT_SECURE_NO_WARNINGS. See online help for details.
         c:\program files (x86)\windows kits\10\include\10.0.10150.0\ucrt\stdio.h(1769): note: 参见“sprintf”的声明
     1>d:\code\patternrecognise\patternrecognize\patternrecognize\main.cpp(352): warning C4996: 'sprintf': This function or variable may be unsafe. Consider using sprintf_s instead. To disable deprecation, use _CRT_SECURE_NO_WARNINGS. See online help for details.
         c:\program files (x86)\windows kits\10\include\10.0.10150.0\ucrt\stdio.h(1769): note: 参见“sprintf”的声明
     1>d:\code\patternrecognise\patternrecognize\patternrecognize\main.cpp(404): warning C4244: “参数”: 从“int”转换到“float”，可能丢失数据
     1>d:\code\patternrecognise\patternrecognize\patternrecognize\main.cpp(406): warning C4244: “参数”: 从“int”转换到“float”，可能丢失数据
     1>d:\code\patternrecognise\patternrecognize\patternrecognize\main.cpp(408): warning C4244: “参数”: 从“int”转换到“float”，可能丢失数据
     1>d:\code\patternrecognise\patternrecognize\patternrecognize\main.cpp(410): warning C4244: “参数”: 从“int”转换到“float”，可能丢失数据
     1>d:\code\patternrecognise\patternrecognize\patternrecognize\main.cpp(428): warning C4244: “参数”: 从“int”转换到“float”，可能丢失数据
     1>d:\code\patternrecognise\patternrecognize\patternrecognize\main.cpp(450): warning C4244: “=”: 从“float”转换到“int”，可能丢失数据
     1>d:\code\patternrecognise\patternrecognize\patternrecognize\main.cpp(451): warning C4244: “=”: 从“float”转换到“int”，可能丢失数据
     1>d:\code\patternrecognise\patternrecognize\patternrecognize\main.cpp(485): warning C4244: “=”: 从“int64”转换到“double”，可能丢失数据
     1>d:\code\patternrecognise\patternrecognize\patternrecognize\main.cpp(457): warning C4996: 'sprintf': This function or variable may be unsafe. Consider using sprintf_s instead. To disable deprecation, use _CRT_SECURE_NO_WARNINGS. See online help for details.
         c:\program files (x86)\windows kits\10\include\10.0.10150.0\ucrt\stdio.h(1769): note: 参见“sprintf”的声明
     1>d:\code\patternrecognise\patternrecognize\patternrecognize\main.cpp(469): warning C4996: 'sprintf': This function or variable may be unsafe. Consider using sprintf_s instead. To disable deprecation, use _CRT_SECURE_NO_WARNINGS. See online help for details.
         c:\program files (x86)\windows kits\10\include\10.0.10150.0\ucrt\stdio.h(1769): note: 参见“sprintf”的声明
     1>d:\code\patternrecognise\patternrecognize\patternrecognize\main.cpp(470): warning C4996: 'sprintf': This function or variable may be unsafe. Consider using sprintf_s instead. To disable deprecation, use _CRT_SECURE_NO_WARNINGS. See online help for details.
         c:\program files (x86)\windows kits\10\include\10.0.10150.0\ucrt\stdio.h(1769): note: 参见“sprintf”的声明
     1>d:\code\patternrecognise\patternrecognize\patternrecognize\main.cpp(526): warning C4244: “参数”: 从“int”转换到“float”，可能丢失数据
     1>d:\code\patternrecognise\patternrecognize\patternrecognize\main.cpp(528): warning C4244: “参数”: 从“int”转换到“float”，可能丢失数据
     1>d:\code\patternrecognise\patternrecognize\patternrecognize\main.cpp(530): warning C4244: “参数”: 从“int”转换到“float”，可能丢失数据
     1>d:\code\patternrecognise\patternrecognize\patternrecognize\main.cpp(532): warning C4244: “参数”: 从“int”转换到“float”，可能丢失数据
     1>d:\code\patternrecognise\patternrecognize\patternrecognize\main.cpp(582): warning C4244: “初始化”: 从“double”转换到“int”，可能丢失数据
     1>d:\code\patternrecognise\patternrecognize\patternrecognize\main.cpp(680): warning C4244: “=”: 从“float”转换到“int”，可能丢失数据
     1>d:\code\patternrecognise\patternrecognize\patternrecognize\main.cpp(692): warning C4244: “参数”: 从“int”转换到“float”，可能丢失数据
     1>d:\code\patternrecognise\patternrecognize\patternrecognize\main.cpp(702): warning C4244: “=”: 从“double”转换到“int”，可能丢失数据
     1>d:\code\patternrecognise\patternrecognize\patternrecognize\main.cpp(703): warning C4244: “=”: 从“double”转换到“int”，可能丢失数据
     1>d:\code\patternrecognise\patternrecognize\patternrecognize\main.cpp(708): warning C4244: “=”: 从“int”转换到“float”，可能丢失数据
     1>d:\code\patternrecognise\patternrecognize\patternrecognize\main.cpp(709): warning C4244: “=”: 从“double”转换到“float”，可能丢失数据
     1>d:\code\patternrecognise\patternrecognize\patternrecognize\main.cpp(710): warning C4244: “=”: 从“double”转换到“float”，可能丢失数据
     1>d:\code\patternrecognise\patternrecognize\patternrecognize\main.cpp(652): warning C4101: “stepangle”: 未引用的局部变量
     1>d:\code\patternrecognise\patternrecognize\patternrecognize\main.cpp(872): warning C4244: “=”: 从“int64”转换到“double”，可能丢失数据
     1>d:\code\patternrecognise\patternrecognize\patternrecognize\main.cpp(906): warning C4244: “=”: 从“double”转换到“int”，可能丢失数据
     1>d:\code\patternrecognise\patternrecognize\patternrecognize\main.cpp(986): warning C4244: “初始化”: 从“float”转换到“int”，可能丢失数据
     1>d:\code\patternrecognise\patternrecognize\patternrecognize\main.cpp(1010): warning C4996: 'sprintf': This function or variable may be unsafe. Consider using sprintf_s instead. To disable deprecation, use _CRT_SECURE_NO_WARNINGS. See online help for details.
         c:\program files (x86)\windows kits\10\include\10.0.10150.0\ucrt\stdio.h(1769): note: 参见“sprintf”的声明
     1>d:\code\patternrecognise\patternrecognize\patternrecognize\main.cpp(1042): warning C4244: “=”: 从“double”转换到“int”，可能丢失数据
     1>d:\code\patternrecognise\patternrecognize\patternrecognize\main.cpp(1089): warning C4551: 缺少参数列表的函数调用
     1>d:\code\patternrecognise\patternrecognize\patternrecognize\main.cpp(1104): warning C4551: 缺少参数列表的函数调用
     1>d:\code\patternrecognise\patternrecognize\patternrecognize\main.cpp(1119): warning C4551: 缺少参数列表的函数调用
     1>d:\code\patternrecognise\patternrecognize\patternrecognize\main.cpp(186): warning C4715: “ConvertPiramid”: 不是所有的控件路径都返回值
     1>d:\code\patternrecognise\patternrecognize\patternrecognize\main.cpp(257): warning C4715: “ConvertPiramidBin”: 不是所有的控件路径都返回值
     1>d:\code\patternrecognise\patternrecognize\patternrecognize\main.cpp(289): warning C4715: “Testpiramid”: 不是所有的控件路径都返回值
     1>d:\code\patternrecognise\patternrecognize\patternrecognize\main.cpp(380): warning C4715: “TestEdge”: 不是所有的控件路径都返回值
       Link:
         D:\Program Files (x86)\Microsoft Visual Studio 14.0\VC\bin\x86_amd64\link.exe /ERRORREPORT:PROMPT /OUT:"D:\code\PatternRecognise\PatternRecognize\x64\Debug\PatternRecognize.exe" /INCREMENTAL /NOLOGO opencv_world343d.lib kernel32.lib user32.lib gdi32.lib winspool.lib comdlg32.lib advapi32.lib shell32.lib ole32.lib oleaut32.lib uuid.lib odbc32.lib odbccp32.lib /MANIFEST /MANIFESTUAC:"level='asInvoker' uiAccess='false'" /manifest:embed /Debug /PDB:"D:\code\PatternRecognise\PatternRecognize\x64\Debug\PatternRecognize.pdb" /SUBSYSTEM:CONSOLE /TLBID:1 /DYNAMICBASE /NXCOMPAT /IMPLIB:"D:\code\PatternRecognise\PatternRecognize\x64\Debug\PatternRecognize.lib" /MACHINE:X64 x64\Debug\imgprocess.obj
         x64\Debug\main.obj
         x64\Debug\track.obj
         PatternRecognize.vcxproj -> D:\code\PatternRecognise\PatternRecognize\x64\Debug\PatternRecognize.exe
     1>已完成生成项目“D:\code\PatternRecognise\PatternRecognize\PatternRecognize\PatternRecognize.vcxproj”(Build 个目标)的操作。

已成功生成。

已用时间 00:00:02.85
