G:\CODE\PATTERNRECOGNISE\PATTERNRECOGNIZE\PATTERNRECOGNIZE\DEBUG\IMGPROCESS.OBJ
G:\CODE\PATTERNRECOGNISE\PATTERNRECOGNIZE\PATTERNRECOGNIZE\DEBUG\VC110.PDB
G:\CODE\PATTERNRECOGNISE\PATTERNRECOGNIZE\PATTERNRECOGNIZE\DEBUG\LINK.OBJ
G:\CODE\PATTERNRECOGNISE\PATTERNRECOGNIZE\PATTERNRECOGNIZE\DEBUG\MAIN.OBJ
G:\CODE\PATTERNRECOGNISE\PATTERNRECOGNIZE\DEBUG\PATTERNRECOGNIZE.ILK
G:\CODE\PATTERNRECOGNISE\PATTERNRECOGNIZE\DEBUG\PATTERNRECOGNIZE.EXE
G:\CODE\PATTERNRECOGNISE\PATTERNRECOGNIZE\DEBUG\PATTERNRECOGNIZE.PDB
G:\code\PatternRecognise\PatternRecognize\PatternRecognize\Debug\imgprocess.obj
G:\code\PatternRecognise\PatternRecognize\PatternRecognize\Debug\link.obj
G:\code\PatternRecognise\PatternRecognize\PatternRecognize\Debug\cl.command.1.tlog
G:\code\PatternRecognise\PatternRecognize\PatternRecognize\Debug\CL.read.1.tlog
G:\code\PatternRecognise\PatternRecognize\PatternRecognize\Debug\CL.write.1.tlog
G:\code\PatternRecognise\PatternRecognize\PatternRecognize\Debug\link-cvtres.read.1.tlog
G:\code\PatternRecognise\PatternRecognize\PatternRecognize\Debug\link-cvtres.write.1.tlog
G:\code\PatternRecognise\PatternRecognize\PatternRecognize\Debug\link-rc.read.1.tlog
G:\code\PatternRecognise\PatternRecognize\PatternRecognize\Debug\link-rc.write.1.tlog
G:\code\PatternRecognise\PatternRecognize\PatternRecognize\Debug\link.10796-cvtres.read.1.tlog
G:\code\PatternRecognise\PatternRecognize\PatternRecognize\Debug\link.10796-cvtres.write.1.tlog
G:\code\PatternRecognise\PatternRecognize\PatternRecognize\Debug\link.10796-rc.read.1.tlog
G:\code\PatternRecognise\PatternRecognize\PatternRecognize\Debug\link.10796-rc.write.1.tlog
G:\code\PatternRecognise\PatternRecognize\PatternRecognize\Debug\link.10796.read.1.tlog
G:\code\PatternRecognise\PatternRecognize\PatternRecognize\Debug\link.10796.write.1.tlog
G:\code\PatternRecognise\PatternRecognize\PatternRecognize\Debug\link.1080-cvtres.read.1.tlog
G:\code\PatternRecognise\PatternRecognize\PatternRecognize\Debug\link.1080-cvtres.write.1.tlog
G:\code\PatternRecognise\PatternRecognize\PatternRecognize\Debug\link.1080-rc.read.1.tlog
G:\code\PatternRecognise\PatternRecognize\PatternRecognize\Debug\link.1080-rc.write.1.tlog
G:\code\PatternRecognise\PatternRecognize\PatternRecognize\Debug\link.1080.read.1.tlog
G:\code\PatternRecognise\PatternRecognize\PatternRecognize\Debug\link.1080.write.1.tlog
G:\code\PatternRecognise\PatternRecognize\PatternRecognize\Debug\link.11728-cvtres.read.1.tlog
G:\code\PatternRecognise\PatternRecognize\PatternRecognize\Debug\link.11728-cvtres.write.1.tlog
G:\code\PatternRecognise\PatternRecognize\PatternRecognize\Debug\link.11728-rc.read.1.tlog
G:\code\PatternRecognise\PatternRecognize\PatternRecognize\Debug\link.11728-rc.write.1.tlog
G:\code\PatternRecognise\PatternRecognize\PatternRecognize\Debug\link.11728.read.1.tlog
G:\code\PatternRecognise\PatternRecognize\PatternRecognize\Debug\link.11728.write.1.tlog
G:\code\PatternRecognise\PatternRecognize\PatternRecognize\Debug\link.11744-cvtres.read.1.tlog
G:\code\PatternRecognise\PatternRecognize\PatternRecognize\Debug\link.11744-cvtres.write.1.tlog
G:\code\PatternRecognise\PatternRecognize\PatternRecognize\Debug\link.11744-rc.read.1.tlog
G:\code\PatternRecognise\PatternRecognize\PatternRecognize\Debug\link.11744-rc.write.1.tlog
G:\code\PatternRecognise\PatternRecognize\PatternRecognize\Debug\link.11744.read.1.tlog
G:\code\PatternRecognise\PatternRecognize\PatternRecognize\Debug\link.11744.write.1.tlog
G:\code\PatternRecognise\PatternRecognize\PatternRecognize\Debug\link.11940-cvtres.read.1.tlog
G:\code\PatternRecognise\PatternRecognize\PatternRecognize\Debug\link.11940-cvtres.write.1.tlog
G:\code\PatternRecognise\PatternRecognize\PatternRecognize\Debug\link.11940-rc.read.1.tlog
G:\code\PatternRecognise\PatternRecognize\PatternRecognize\Debug\link.11940-rc.write.1.tlog
G:\code\PatternRecognise\PatternRecognize\PatternRecognize\Debug\link.11940.read.1.tlog
G:\code\PatternRecognise\PatternRecognize\PatternRecognize\Debug\link.11940.write.1.tlog
G:\code\PatternRecognise\PatternRecognize\PatternRecognize\Debug\link.12796-cvtres.read.1.tlog
G:\code\PatternRecognise\PatternRecognize\PatternRecognize\Debug\link.12796-cvtres.write.1.tlog
G:\code\PatternRecognise\PatternRecognize\PatternRecognize\Debug\link.12796-rc.read.1.tlog
G:\code\PatternRecognise\PatternRecognize\PatternRecognize\Debug\link.12796-rc.write.1.tlog
G:\code\PatternRecognise\PatternRecognize\PatternRecognize\Debug\link.12796.read.1.tlog
G:\code\PatternRecognise\PatternRecognize\PatternRecognize\Debug\link.12796.write.1.tlog
G:\code\PatternRecognise\PatternRecognize\PatternRecognize\Debug\link.12884-cvtres.read.1.tlog
G:\code\PatternRecognise\PatternRecognize\PatternRecognize\Debug\link.12884-cvtres.write.1.tlog
G:\code\PatternRecognise\PatternRecognize\PatternRecognize\Debug\link.12884-rc.read.1.tlog
G:\code\PatternRecognise\PatternRecognize\PatternRecognize\Debug\link.12884-rc.write.1.tlog
G:\code\PatternRecognise\PatternRecognize\PatternRecognize\Debug\link.12884.read.1.tlog
G:\code\PatternRecognise\PatternRecognize\PatternRecognize\Debug\link.12884.write.1.tlog
G:\code\PatternRecognise\PatternRecognize\PatternRecognize\Debug\link.1308-cvtres.read.1.tlog
G:\code\PatternRecognise\PatternRecognize\PatternRecognize\Debug\link.1308-cvtres.write.1.tlog
G:\code\PatternRecognise\PatternRecognize\PatternRecognize\Debug\link.1308-rc.read.1.tlog
G:\code\PatternRecognise\PatternRecognize\PatternRecognize\Debug\link.1308-rc.write.1.tlog
G:\code\PatternRecognise\PatternRecognize\PatternRecognize\Debug\link.1308.read.1.tlog
G:\code\PatternRecognise\PatternRecognize\PatternRecognize\Debug\link.1308.write.1.tlog
G:\code\PatternRecognise\PatternRecognize\PatternRecognize\Debug\link.2304-cvtres.read.1.tlog
G:\code\PatternRecognise\PatternRecognize\PatternRecognize\Debug\link.2304-cvtres.write.1.tlog
G:\code\PatternRecognise\PatternRecognize\PatternRecognize\Debug\link.2304-rc.read.1.tlog
G:\code\PatternRecognise\PatternRecognize\PatternRecognize\Debug\link.2304-rc.write.1.tlog
G:\code\PatternRecognise\PatternRecognize\PatternRecognize\Debug\link.2304.read.1.tlog
G:\code\PatternRecognise\PatternRecognize\PatternRecognize\Debug\link.2304.write.1.tlog
G:\code\PatternRecognise\PatternRecognize\PatternRecognize\Debug\link.2376-cvtres.read.1.tlog
G:\code\PatternRecognise\PatternRecognize\PatternRecognize\Debug\link.2376-cvtres.write.1.tlog
G:\code\PatternRecognise\PatternRecognize\PatternRecognize\Debug\link.2376-rc.read.1.tlog
G:\code\PatternRecognise\PatternRecognize\PatternRecognize\Debug\link.2376-rc.write.1.tlog
G:\code\PatternRecognise\PatternRecognize\PatternRecognize\Debug\link.2376.read.1.tlog
G:\code\PatternRecognise\PatternRecognize\PatternRecognize\Debug\link.2376.write.1.tlog
G:\code\PatternRecognise\PatternRecognize\PatternRecognize\Debug\link.3748-cvtres.read.1.tlog
G:\code\PatternRecognise\PatternRecognize\PatternRecognize\Debug\link.3748-cvtres.write.1.tlog
G:\code\PatternRecognise\PatternRecognize\PatternRecognize\Debug\link.3748-rc.read.1.tlog
G:\code\PatternRecognise\PatternRecognize\PatternRecognize\Debug\link.3748-rc.write.1.tlog
G:\code\PatternRecognise\PatternRecognize\PatternRecognize\Debug\link.3748.read.1.tlog
G:\code\PatternRecognise\PatternRecognize\PatternRecognize\Debug\link.3748.write.1.tlog
G:\code\PatternRecognise\PatternRecognize\PatternRecognize\Debug\link.4428-cvtres.read.1.tlog
G:\code\PatternRecognise\PatternRecognize\PatternRecognize\Debug\link.4428-cvtres.write.1.tlog
G:\code\PatternRecognise\PatternRecognize\PatternRecognize\Debug\link.4428-rc.read.1.tlog
G:\code\PatternRecognise\PatternRecognize\PatternRecognize\Debug\link.4428-rc.write.1.tlog
G:\code\PatternRecognise\PatternRecognize\PatternRecognize\Debug\link.4428.read.1.tlog
G:\code\PatternRecognise\PatternRecognize\PatternRecognize\Debug\link.4428.write.1.tlog
G:\code\PatternRecognise\PatternRecognize\PatternRecognize\Debug\link.6944-cvtres.read.1.tlog
G:\code\PatternRecognise\PatternRecognize\PatternRecognize\Debug\link.6944-cvtres.write.1.tlog
G:\code\PatternRecognise\PatternRecognize\PatternRecognize\Debug\link.6944-rc.read.1.tlog
G:\code\PatternRecognise\PatternRecognize\PatternRecognize\Debug\link.6944-rc.write.1.tlog
G:\code\PatternRecognise\PatternRecognize\PatternRecognize\Debug\link.6944.read.1.tlog
G:\code\PatternRecognise\PatternRecognize\PatternRecognize\Debug\link.6944.write.1.tlog
G:\code\PatternRecognise\PatternRecognize\PatternRecognize\Debug\link.7304-cvtres.read.1.tlog
G:\code\PatternRecognise\PatternRecognize\PatternRecognize\Debug\link.7304-cvtres.write.1.tlog
G:\code\PatternRecognise\PatternRecognize\PatternRecognize\Debug\link.7304-rc.read.1.tlog
G:\code\PatternRecognise\PatternRecognize\PatternRecognize\Debug\link.7304-rc.write.1.tlog
G:\code\PatternRecognise\PatternRecognize\PatternRecognize\Debug\link.7304.read.1.tlog
G:\code\PatternRecognise\PatternRecognize\PatternRecognize\Debug\link.7304.write.1.tlog
G:\code\PatternRecognise\PatternRecognize\PatternRecognize\Debug\link.7692-cvtres.read.1.tlog
G:\code\PatternRecognise\PatternRecognize\PatternRecognize\Debug\link.7692-cvtres.write.1.tlog
G:\code\PatternRecognise\PatternRecognize\PatternRecognize\Debug\link.7692-rc.read.1.tlog
G:\code\PatternRecognise\PatternRecognize\PatternRecognize\Debug\link.7692-rc.write.1.tlog
G:\code\PatternRecognise\PatternRecognize\PatternRecognize\Debug\link.7692.read.1.tlog
G:\code\PatternRecognise\PatternRecognize\PatternRecognize\Debug\link.7692.write.1.tlog
G:\code\PatternRecognise\PatternRecognize\PatternRecognize\Debug\link.820-cvtres.read.1.tlog
G:\code\PatternRecognise\PatternRecognize\PatternRecognize\Debug\link.820-cvtres.write.1.tlog
G:\code\PatternRecognise\PatternRecognize\PatternRecognize\Debug\link.820-rc.read.1.tlog
G:\code\PatternRecognise\PatternRecognize\PatternRecognize\Debug\link.820-rc.write.1.tlog
G:\code\PatternRecognise\PatternRecognize\PatternRecognize\Debug\link.820.read.1.tlog
G:\code\PatternRecognise\PatternRecognize\PatternRecognize\Debug\link.820.write.1.tlog
G:\code\PatternRecognise\PatternRecognize\PatternRecognize\Debug\link.8852-cvtres.read.1.tlog
G:\code\PatternRecognise\PatternRecognize\PatternRecognize\Debug\link.8852-cvtres.write.1.tlog
G:\code\PatternRecognise\PatternRecognize\PatternRecognize\Debug\link.8852-rc.read.1.tlog
G:\code\PatternRecognise\PatternRecognize\PatternRecognize\Debug\link.8852-rc.write.1.tlog
G:\code\PatternRecognise\PatternRecognize\PatternRecognize\Debug\link.8852.read.1.tlog
G:\code\PatternRecognise\PatternRecognize\PatternRecognize\Debug\link.8852.write.1.tlog
G:\code\PatternRecognise\PatternRecognize\PatternRecognize\Debug\link.9108-cvtres.read.1.tlog
G:\code\PatternRecognise\PatternRecognize\PatternRecognize\Debug\link.9108-cvtres.write.1.tlog
G:\code\PatternRecognise\PatternRecognize\PatternRecognize\Debug\link.9108-rc.read.1.tlog
G:\code\PatternRecognise\PatternRecognize\PatternRecognize\Debug\link.9108-rc.write.1.tlog
G:\code\PatternRecognise\PatternRecognize\PatternRecognize\Debug\link.9108.read.1.tlog
G:\code\PatternRecognise\PatternRecognize\PatternRecognize\Debug\link.9108.write.1.tlog
G:\code\PatternRecognise\PatternRecognize\PatternRecognize\Debug\link.9616-cvtres.read.1.tlog
G:\code\PatternRecognise\PatternRecognize\PatternRecognize\Debug\link.9616-cvtres.write.1.tlog
G:\code\PatternRecognise\PatternRecognize\PatternRecognize\Debug\link.9616-rc.read.1.tlog
G:\code\PatternRecognise\PatternRecognize\PatternRecognize\Debug\link.9616-rc.write.1.tlog
G:\code\PatternRecognise\PatternRecognize\PatternRecognize\Debug\link.9616.read.1.tlog
G:\code\PatternRecognise\PatternRecognize\PatternRecognize\Debug\link.9616.write.1.tlog
G:\code\PatternRecognise\PatternRecognize\PatternRecognize\Debug\link.command.1.tlog
G:\code\PatternRecognise\PatternRecognize\PatternRecognize\Debug\link.read.1.tlog
G:\code\PatternRecognise\PatternRecognize\PatternRecognize\Debug\link.write.1.tlog
G:\code\PatternRecognise\PatternRecognize\PatternRecognize\Debug\vc110.idb
G:\code\PatternRecognise\PatternRecognize\PatternRecognize\Debug\vc110.pdb
G:\code\PatternRecognise\PatternRecognize\Debug\PatternRecognize.pdb
G:\code\PatternRecognise\PatternRecognize\Debug\PatternRecognize.exe
G:\code\PatternRecognise\PatternRecognize\Debug\PatternRecognize.ilk
